{
  "0 debug pnpm:scope": {
    "selected": 1,
    "workspacePrefix": "/Users/mu/sspa"
  },
  "1 error pnpm": {
    "code": "ELIFECYCLE",
    "errno": "ENOENT",
    "syscall": "spawn",
    "file": "sh",
    "pkgid": "single-spa@5.9.4",
    "stage": "watch",
    "script": "rollup -c -w",
    "pkgname": "single-spa",
    "err": {
      "name": "pnpm",
      "message": "single-spa@5.9.4 watch: `rollup -c -w`\nspawn ENOENT",
      "code": "ELIFECYCLE",
      "stack": "pnpm: single-spa@5.9.4 watch: `rollup -c -w`\nspawn ENOENT\n    at ChildProcess.<anonymous> (/Users/mu/.nvm/versions/node/v14.19.3/lib/node_modules/pnpm/dist/pnpm.cjs:93917:22)\n    at ChildProcess.emit (events.js:400:28)\n    at maybeClose (internal/child_process.js:1088:16)\n    at Process.ChildProcess._handle.onexit (internal/child_process.js:296:5)"
    }
  },
  "2 warn pnpm:global": " Local package.json exists, but node_modules missing, did you mean to install?"
}